[2024-10-06T04:48:34.623+0000] {processor.py:186} INFO - Started process (PID=4354) to work on /opt/airflow/dags/hello_world.py
[2024-10-06T04:48:34.623+0000] {processor.py:914} INFO - Processing file /opt/airflow/dags/hello_world.py for tasks to queue
[2024-10-06T04:48:34.625+0000] {logging_mixin.py:190} INFO - [2024-10-06T04:48:34.625+0000] {dagbag.py:588} INFO - Filling up the DagBag from /opt/airflow/dags/hello_world.py
[2024-10-06T04:48:34.632+0000] {processor.py:925} INFO - DAG(s) 'hello_world_ridho' retrieved from /opt/airflow/dags/hello_world.py
[2024-10-06T04:48:34.724+0000] {logging_mixin.py:190} INFO - [2024-10-06T04:48:34.724+0000] {override.py:1900} INFO - Created Permission View: can read on DAG:hello_world_ridho
[2024-10-06T04:48:34.736+0000] {logging_mixin.py:190} INFO - [2024-10-06T04:48:34.736+0000] {override.py:1900} INFO - Created Permission View: can edit on DAG:hello_world_ridho
[2024-10-06T04:48:34.744+0000] {logging_mixin.py:190} INFO - [2024-10-06T04:48:34.744+0000] {override.py:1900} INFO - Created Permission View: can delete on DAG:hello_world_ridho
[2024-10-06T04:48:34.759+0000] {logging_mixin.py:190} INFO - [2024-10-06T04:48:34.759+0000] {override.py:1900} INFO - Created Permission View: can read on DAG Run:hello_world_ridho
[2024-10-06T04:48:34.770+0000] {logging_mixin.py:190} INFO - [2024-10-06T04:48:34.770+0000] {override.py:1900} INFO - Created Permission View: can delete on DAG Run:hello_world_ridho
[2024-10-06T04:48:34.779+0000] {logging_mixin.py:190} INFO - [2024-10-06T04:48:34.779+0000] {override.py:1900} INFO - Created Permission View: can create on DAG Run:hello_world_ridho
[2024-10-06T04:48:34.788+0000] {logging_mixin.py:190} INFO - [2024-10-06T04:48:34.788+0000] {override.py:1900} INFO - Created Permission View: menu access on DAG Run:hello_world_ridho
[2024-10-06T04:48:34.788+0000] {logging_mixin.py:190} INFO - [2024-10-06T04:48:34.788+0000] {dag.py:3239} INFO - Sync 1 DAGs
[2024-10-06T04:48:34.801+0000] {logging_mixin.py:190} INFO - [2024-10-06T04:48:34.801+0000] {dag.py:3262} INFO - Creating ORM DAG for hello_world_ridho
[2024-10-06T04:48:34.811+0000] {logging_mixin.py:190} INFO - [2024-10-06T04:48:34.811+0000] {dag.py:4180} INFO - Setting next_dagrun for hello_world_ridho to 2024-10-06 00:00:00+00:00, run_after=2024-10-07 00:00:00+00:00
[2024-10-06T04:48:34.826+0000] {processor.py:208} INFO - Processing /opt/airflow/dags/hello_world.py took 0.209 seconds
[2024-10-06T04:49:04.990+0000] {processor.py:186} INFO - Started process (PID=4417) to work on /opt/airflow/dags/hello_world.py
[2024-10-06T04:49:04.990+0000] {processor.py:914} INFO - Processing file /opt/airflow/dags/hello_world.py for tasks to queue
[2024-10-06T04:49:04.992+0000] {logging_mixin.py:190} INFO - [2024-10-06T04:49:04.992+0000] {dagbag.py:588} INFO - Filling up the DagBag from /opt/airflow/dags/hello_world.py
[2024-10-06T04:49:04.999+0000] {processor.py:925} INFO - DAG(s) 'hello_world_ridho' retrieved from /opt/airflow/dags/hello_world.py
[2024-10-06T04:49:05.012+0000] {logging_mixin.py:190} INFO - [2024-10-06T04:49:05.012+0000] {dag.py:3239} INFO - Sync 1 DAGs
[2024-10-06T04:49:05.030+0000] {logging_mixin.py:190} INFO - [2024-10-06T04:49:05.030+0000] {dag.py:4180} INFO - Setting next_dagrun for hello_world_ridho to 2024-10-06 00:00:00+00:00, run_after=2024-10-07 00:00:00+00:00
[2024-10-06T04:49:05.046+0000] {processor.py:208} INFO - Processing /opt/airflow/dags/hello_world.py took 0.061 seconds
[2024-10-06T04:49:35.103+0000] {processor.py:186} INFO - Started process (PID=4480) to work on /opt/airflow/dags/hello_world.py
[2024-10-06T04:49:35.104+0000] {processor.py:914} INFO - Processing file /opt/airflow/dags/hello_world.py for tasks to queue
[2024-10-06T04:49:35.106+0000] {logging_mixin.py:190} INFO - [2024-10-06T04:49:35.105+0000] {dagbag.py:588} INFO - Filling up the DagBag from /opt/airflow/dags/hello_world.py
[2024-10-06T04:49:35.112+0000] {processor.py:925} INFO - DAG(s) 'hello_world_ridho' retrieved from /opt/airflow/dags/hello_world.py
[2024-10-06T04:49:35.126+0000] {logging_mixin.py:190} INFO - [2024-10-06T04:49:35.126+0000] {dag.py:3239} INFO - Sync 1 DAGs
[2024-10-06T04:49:35.145+0000] {logging_mixin.py:190} INFO - [2024-10-06T04:49:35.145+0000] {dag.py:4180} INFO - Setting next_dagrun for hello_world_ridho to 2024-10-06 00:00:00+00:00, run_after=2024-10-07 00:00:00+00:00
[2024-10-06T04:49:35.164+0000] {processor.py:208} INFO - Processing /opt/airflow/dags/hello_world.py took 0.066 seconds
[2024-10-06T04:50:05.496+0000] {processor.py:186} INFO - Started process (PID=4543) to work on /opt/airflow/dags/hello_world.py
[2024-10-06T04:50:05.496+0000] {processor.py:914} INFO - Processing file /opt/airflow/dags/hello_world.py for tasks to queue
[2024-10-06T04:50:05.498+0000] {logging_mixin.py:190} INFO - [2024-10-06T04:50:05.497+0000] {dagbag.py:588} INFO - Filling up the DagBag from /opt/airflow/dags/hello_world.py
[2024-10-06T04:50:05.504+0000] {processor.py:925} INFO - DAG(s) 'hello_world_ridho' retrieved from /opt/airflow/dags/hello_world.py
[2024-10-06T04:50:05.518+0000] {logging_mixin.py:190} INFO - [2024-10-06T04:50:05.518+0000] {dag.py:3239} INFO - Sync 1 DAGs
[2024-10-06T04:50:05.536+0000] {logging_mixin.py:190} INFO - [2024-10-06T04:50:05.536+0000] {dag.py:4180} INFO - Setting next_dagrun for hello_world_ridho to 2024-10-06 00:00:00+00:00, run_after=2024-10-07 00:00:00+00:00
[2024-10-06T04:50:05.554+0000] {processor.py:208} INFO - Processing /opt/airflow/dags/hello_world.py took 0.063 seconds
[2024-10-06T04:50:35.942+0000] {processor.py:186} INFO - Started process (PID=4606) to work on /opt/airflow/dags/hello_world.py
[2024-10-06T04:50:35.942+0000] {processor.py:914} INFO - Processing file /opt/airflow/dags/hello_world.py for tasks to queue
[2024-10-06T04:50:35.944+0000] {logging_mixin.py:190} INFO - [2024-10-06T04:50:35.943+0000] {dagbag.py:588} INFO - Filling up the DagBag from /opt/airflow/dags/hello_world.py
[2024-10-06T04:50:35.950+0000] {processor.py:925} INFO - DAG(s) 'hello_world_ridho' retrieved from /opt/airflow/dags/hello_world.py
[2024-10-06T04:50:35.963+0000] {logging_mixin.py:190} INFO - [2024-10-06T04:50:35.963+0000] {dag.py:3239} INFO - Sync 1 DAGs
[2024-10-06T04:50:35.981+0000] {logging_mixin.py:190} INFO - [2024-10-06T04:50:35.981+0000] {dag.py:4180} INFO - Setting next_dagrun for hello_world_ridho to 2024-10-06 00:00:00+00:00, run_after=2024-10-07 00:00:00+00:00
[2024-10-06T04:50:35.999+0000] {processor.py:208} INFO - Processing /opt/airflow/dags/hello_world.py took 0.061 seconds
[2024-10-06T04:51:06.141+0000] {processor.py:186} INFO - Started process (PID=4669) to work on /opt/airflow/dags/hello_world.py
[2024-10-06T04:51:06.141+0000] {processor.py:914} INFO - Processing file /opt/airflow/dags/hello_world.py for tasks to queue
[2024-10-06T04:51:06.143+0000] {logging_mixin.py:190} INFO - [2024-10-06T04:51:06.143+0000] {dagbag.py:588} INFO - Filling up the DagBag from /opt/airflow/dags/hello_world.py
[2024-10-06T04:51:06.150+0000] {processor.py:925} INFO - DAG(s) 'hello_world_ridho' retrieved from /opt/airflow/dags/hello_world.py
[2024-10-06T04:51:06.168+0000] {logging_mixin.py:190} INFO - [2024-10-06T04:51:06.168+0000] {dag.py:3239} INFO - Sync 1 DAGs
[2024-10-06T04:51:06.193+0000] {logging_mixin.py:190} INFO - [2024-10-06T04:51:06.193+0000] {dag.py:4180} INFO - Setting next_dagrun for hello_world_ridho to 2024-10-06 00:00:00+00:00, run_after=2024-10-07 00:00:00+00:00
[2024-10-06T04:51:06.211+0000] {processor.py:208} INFO - Processing /opt/airflow/dags/hello_world.py took 0.076 seconds
[2024-10-06T04:51:36.522+0000] {processor.py:186} INFO - Started process (PID=4732) to work on /opt/airflow/dags/hello_world.py
[2024-10-06T04:51:36.522+0000] {processor.py:914} INFO - Processing file /opt/airflow/dags/hello_world.py for tasks to queue
[2024-10-06T04:51:36.524+0000] {logging_mixin.py:190} INFO - [2024-10-06T04:51:36.524+0000] {dagbag.py:588} INFO - Filling up the DagBag from /opt/airflow/dags/hello_world.py
[2024-10-06T04:51:36.531+0000] {processor.py:925} INFO - DAG(s) 'hello_world_ridho' retrieved from /opt/airflow/dags/hello_world.py
[2024-10-06T04:51:36.550+0000] {logging_mixin.py:190} INFO - [2024-10-06T04:51:36.549+0000] {dag.py:3239} INFO - Sync 1 DAGs
[2024-10-06T04:51:36.578+0000] {logging_mixin.py:190} INFO - [2024-10-06T04:51:36.578+0000] {dag.py:4180} INFO - Setting next_dagrun for hello_world_ridho to 2024-10-06 00:00:00+00:00, run_after=2024-10-07 00:00:00+00:00
[2024-10-06T04:51:36.597+0000] {processor.py:208} INFO - Processing /opt/airflow/dags/hello_world.py took 0.081 seconds
[2024-10-06T04:52:06.819+0000] {processor.py:186} INFO - Started process (PID=4796) to work on /opt/airflow/dags/hello_world.py
[2024-10-06T04:52:06.820+0000] {processor.py:914} INFO - Processing file /opt/airflow/dags/hello_world.py for tasks to queue
[2024-10-06T04:52:06.821+0000] {logging_mixin.py:190} INFO - [2024-10-06T04:52:06.821+0000] {dagbag.py:588} INFO - Filling up the DagBag from /opt/airflow/dags/hello_world.py
[2024-10-06T04:52:06.828+0000] {processor.py:925} INFO - DAG(s) 'hello_world_ridho' retrieved from /opt/airflow/dags/hello_world.py
[2024-10-06T04:52:06.841+0000] {logging_mixin.py:190} INFO - [2024-10-06T04:52:06.841+0000] {dag.py:3239} INFO - Sync 1 DAGs
[2024-10-06T04:52:06.859+0000] {logging_mixin.py:190} INFO - [2024-10-06T04:52:06.858+0000] {dag.py:4180} INFO - Setting next_dagrun for hello_world_ridho to 2024-10-06 00:00:00+00:00, run_after=2024-10-07 00:00:00+00:00
[2024-10-06T04:52:06.876+0000] {processor.py:208} INFO - Processing /opt/airflow/dags/hello_world.py took 0.062 seconds
[2024-10-06T04:52:37.072+0000] {processor.py:186} INFO - Started process (PID=4859) to work on /opt/airflow/dags/hello_world.py
[2024-10-06T04:52:37.072+0000] {processor.py:914} INFO - Processing file /opt/airflow/dags/hello_world.py for tasks to queue
[2024-10-06T04:52:37.074+0000] {logging_mixin.py:190} INFO - [2024-10-06T04:52:37.074+0000] {dagbag.py:588} INFO - Filling up the DagBag from /opt/airflow/dags/hello_world.py
[2024-10-06T04:52:37.080+0000] {processor.py:925} INFO - DAG(s) 'hello_world_ridho' retrieved from /opt/airflow/dags/hello_world.py
[2024-10-06T04:52:37.093+0000] {logging_mixin.py:190} INFO - [2024-10-06T04:52:37.093+0000] {dag.py:3239} INFO - Sync 1 DAGs
[2024-10-06T04:52:37.111+0000] {logging_mixin.py:190} INFO - [2024-10-06T04:52:37.111+0000] {dag.py:4180} INFO - Setting next_dagrun for hello_world_ridho to 2024-10-06 00:00:00+00:00, run_after=2024-10-07 00:00:00+00:00
[2024-10-06T04:52:37.128+0000] {processor.py:208} INFO - Processing /opt/airflow/dags/hello_world.py took 0.061 seconds
[2024-10-06T04:53:07.450+0000] {processor.py:186} INFO - Started process (PID=4922) to work on /opt/airflow/dags/hello_world.py
[2024-10-06T04:53:07.451+0000] {processor.py:914} INFO - Processing file /opt/airflow/dags/hello_world.py for tasks to queue
[2024-10-06T04:53:07.452+0000] {logging_mixin.py:190} INFO - [2024-10-06T04:53:07.452+0000] {dagbag.py:588} INFO - Filling up the DagBag from /opt/airflow/dags/hello_world.py
[2024-10-06T04:53:07.459+0000] {processor.py:925} INFO - DAG(s) 'hello_world_ridho' retrieved from /opt/airflow/dags/hello_world.py
[2024-10-06T04:53:07.476+0000] {logging_mixin.py:190} INFO - [2024-10-06T04:53:07.476+0000] {dag.py:3239} INFO - Sync 1 DAGs
[2024-10-06T04:53:07.499+0000] {logging_mixin.py:190} INFO - [2024-10-06T04:53:07.499+0000] {dag.py:4180} INFO - Setting next_dagrun for hello_world_ridho to 2024-10-06 00:00:00+00:00, run_after=2024-10-07 00:00:00+00:00
[2024-10-06T04:53:07.518+0000] {processor.py:208} INFO - Processing /opt/airflow/dags/hello_world.py took 0.072 seconds
[2024-10-06T04:53:38.035+0000] {processor.py:186} INFO - Started process (PID=4985) to work on /opt/airflow/dags/hello_world.py
[2024-10-06T04:53:38.035+0000] {processor.py:914} INFO - Processing file /opt/airflow/dags/hello_world.py for tasks to queue
[2024-10-06T04:53:38.037+0000] {logging_mixin.py:190} INFO - [2024-10-06T04:53:38.037+0000] {dagbag.py:588} INFO - Filling up the DagBag from /opt/airflow/dags/hello_world.py
[2024-10-06T04:53:38.044+0000] {processor.py:925} INFO - DAG(s) 'hello_world_ridho' retrieved from /opt/airflow/dags/hello_world.py
[2024-10-06T04:53:38.057+0000] {logging_mixin.py:190} INFO - [2024-10-06T04:53:38.057+0000] {dag.py:3239} INFO - Sync 1 DAGs
[2024-10-06T04:53:38.075+0000] {logging_mixin.py:190} INFO - [2024-10-06T04:53:38.075+0000] {dag.py:4180} INFO - Setting next_dagrun for hello_world_ridho to 2024-10-06 00:00:00+00:00, run_after=2024-10-07 00:00:00+00:00
[2024-10-06T04:53:38.093+0000] {processor.py:208} INFO - Processing /opt/airflow/dags/hello_world.py took 0.062 seconds
[2024-10-06T04:54:08.466+0000] {processor.py:186} INFO - Started process (PID=5049) to work on /opt/airflow/dags/hello_world.py
[2024-10-06T04:54:08.467+0000] {processor.py:914} INFO - Processing file /opt/airflow/dags/hello_world.py for tasks to queue
[2024-10-06T04:54:08.469+0000] {logging_mixin.py:190} INFO - [2024-10-06T04:54:08.468+0000] {dagbag.py:588} INFO - Filling up the DagBag from /opt/airflow/dags/hello_world.py
[2024-10-06T04:54:08.475+0000] {processor.py:925} INFO - DAG(s) 'hello_world_ridho' retrieved from /opt/airflow/dags/hello_world.py
[2024-10-06T04:54:08.489+0000] {logging_mixin.py:190} INFO - [2024-10-06T04:54:08.489+0000] {dag.py:3239} INFO - Sync 1 DAGs
[2024-10-06T04:54:08.506+0000] {logging_mixin.py:190} INFO - [2024-10-06T04:54:08.506+0000] {dag.py:4180} INFO - Setting next_dagrun for hello_world_ridho to 2024-10-06 00:00:00+00:00, run_after=2024-10-07 00:00:00+00:00
[2024-10-06T04:54:08.527+0000] {processor.py:208} INFO - Processing /opt/airflow/dags/hello_world.py took 0.065 seconds
[2024-10-06T04:54:38.723+0000] {processor.py:186} INFO - Started process (PID=5112) to work on /opt/airflow/dags/hello_world.py
[2024-10-06T04:54:38.724+0000] {processor.py:914} INFO - Processing file /opt/airflow/dags/hello_world.py for tasks to queue
[2024-10-06T04:54:38.726+0000] {logging_mixin.py:190} INFO - [2024-10-06T04:54:38.725+0000] {dagbag.py:588} INFO - Filling up the DagBag from /opt/airflow/dags/hello_world.py
[2024-10-06T04:54:38.734+0000] {processor.py:925} INFO - DAG(s) 'hello_world_ridho' retrieved from /opt/airflow/dags/hello_world.py
[2024-10-06T04:54:38.755+0000] {logging_mixin.py:190} INFO - [2024-10-06T04:54:38.755+0000] {dag.py:3239} INFO - Sync 1 DAGs
[2024-10-06T04:54:38.787+0000] {logging_mixin.py:190} INFO - [2024-10-06T04:54:38.787+0000] {dag.py:4180} INFO - Setting next_dagrun for hello_world_ridho to 2024-10-06 00:00:00+00:00, run_after=2024-10-07 00:00:00+00:00
[2024-10-06T04:54:38.805+0000] {processor.py:208} INFO - Processing /opt/airflow/dags/hello_world.py took 0.087 seconds
[2024-10-06T04:55:09.159+0000] {processor.py:186} INFO - Started process (PID=5181) to work on /opt/airflow/dags/hello_world.py
[2024-10-06T04:55:09.160+0000] {processor.py:914} INFO - Processing file /opt/airflow/dags/hello_world.py for tasks to queue
[2024-10-06T04:55:09.162+0000] {logging_mixin.py:190} INFO - [2024-10-06T04:55:09.161+0000] {dagbag.py:588} INFO - Filling up the DagBag from /opt/airflow/dags/hello_world.py
[2024-10-06T04:55:09.169+0000] {processor.py:925} INFO - DAG(s) 'hello_world_ridho' retrieved from /opt/airflow/dags/hello_world.py
[2024-10-06T04:55:09.183+0000] {logging_mixin.py:190} INFO - [2024-10-06T04:55:09.183+0000] {dag.py:3239} INFO - Sync 1 DAGs
[2024-10-06T04:55:09.201+0000] {logging_mixin.py:190} INFO - [2024-10-06T04:55:09.201+0000] {dag.py:4180} INFO - Setting next_dagrun for hello_world_ridho to 2024-10-06 00:00:00+00:00, run_after=2024-10-07 00:00:00+00:00
[2024-10-06T04:55:09.220+0000] {processor.py:208} INFO - Processing /opt/airflow/dags/hello_world.py took 0.065 seconds
[2024-10-06T04:55:39.695+0000] {processor.py:186} INFO - Started process (PID=5244) to work on /opt/airflow/dags/hello_world.py
[2024-10-06T04:55:39.695+0000] {processor.py:914} INFO - Processing file /opt/airflow/dags/hello_world.py for tasks to queue
[2024-10-06T04:55:39.697+0000] {logging_mixin.py:190} INFO - [2024-10-06T04:55:39.697+0000] {dagbag.py:588} INFO - Filling up the DagBag from /opt/airflow/dags/hello_world.py
[2024-10-06T04:55:39.703+0000] {processor.py:925} INFO - DAG(s) 'hello_world_ridho' retrieved from /opt/airflow/dags/hello_world.py
[2024-10-06T04:55:39.716+0000] {logging_mixin.py:190} INFO - [2024-10-06T04:55:39.716+0000] {dag.py:3239} INFO - Sync 1 DAGs
[2024-10-06T04:55:39.734+0000] {logging_mixin.py:190} INFO - [2024-10-06T04:55:39.734+0000] {dag.py:4180} INFO - Setting next_dagrun for hello_world_ridho to 2024-10-06 00:00:00+00:00, run_after=2024-10-07 00:00:00+00:00
[2024-10-06T04:55:39.752+0000] {processor.py:208} INFO - Processing /opt/airflow/dags/hello_world.py took 0.061 seconds
[2024-10-06T04:56:10.046+0000] {processor.py:186} INFO - Started process (PID=5307) to work on /opt/airflow/dags/hello_world.py
[2024-10-06T04:56:10.047+0000] {processor.py:914} INFO - Processing file /opt/airflow/dags/hello_world.py for tasks to queue
[2024-10-06T04:56:10.049+0000] {logging_mixin.py:190} INFO - [2024-10-06T04:56:10.048+0000] {dagbag.py:588} INFO - Filling up the DagBag from /opt/airflow/dags/hello_world.py
[2024-10-06T04:56:10.055+0000] {processor.py:925} INFO - DAG(s) 'hello_world_ridho' retrieved from /opt/airflow/dags/hello_world.py
[2024-10-06T04:56:10.068+0000] {logging_mixin.py:190} INFO - [2024-10-06T04:56:10.068+0000] {dag.py:3239} INFO - Sync 1 DAGs
[2024-10-06T04:56:10.086+0000] {logging_mixin.py:190} INFO - [2024-10-06T04:56:10.086+0000] {dag.py:4180} INFO - Setting next_dagrun for hello_world_ridho to 2024-10-06 00:00:00+00:00, run_after=2024-10-07 00:00:00+00:00
[2024-10-06T04:56:10.106+0000] {processor.py:208} INFO - Processing /opt/airflow/dags/hello_world.py took 0.063 seconds
[2024-10-06T04:56:40.510+0000] {processor.py:186} INFO - Started process (PID=5370) to work on /opt/airflow/dags/hello_world.py
[2024-10-06T04:56:40.510+0000] {processor.py:914} INFO - Processing file /opt/airflow/dags/hello_world.py for tasks to queue
[2024-10-06T04:56:40.512+0000] {logging_mixin.py:190} INFO - [2024-10-06T04:56:40.512+0000] {dagbag.py:588} INFO - Filling up the DagBag from /opt/airflow/dags/hello_world.py
[2024-10-06T04:56:40.518+0000] {processor.py:925} INFO - DAG(s) 'hello_world_ridho' retrieved from /opt/airflow/dags/hello_world.py
[2024-10-06T04:56:40.531+0000] {logging_mixin.py:190} INFO - [2024-10-06T04:56:40.531+0000] {dag.py:3239} INFO - Sync 1 DAGs
[2024-10-06T04:56:40.549+0000] {logging_mixin.py:190} INFO - [2024-10-06T04:56:40.549+0000] {dag.py:4180} INFO - Setting next_dagrun for hello_world_ridho to 2024-10-06 00:00:00+00:00, run_after=2024-10-07 00:00:00+00:00
[2024-10-06T04:56:40.566+0000] {processor.py:208} INFO - Processing /opt/airflow/dags/hello_world.py took 0.061 seconds
